{"C:\\Users\\Reemh\\Desktop\\bootccamp\\firewall-REEMHOISMAN\\src\\app.ts": {"path":"C:\\Users\\Reemh\\Desktop\\bootccamp\\firewall-REEMHOISMAN\\src\\app.ts","statementMap":{"0":{"start":{"line":1,"column":0},"end":{"line":1,"column":30}},"1":{"start":{"line":2,"column":0},"end":{"line":2,"column":38}},"2":{"start":{"line":3,"column":0},"end":{"line":3,"column":44}},"3":{"start":{"line":4,"column":0},"end":{"line":4,"column":46}},"4":{"start":{"line":5,"column":0},"end":{"line":5,"column":48}},"5":{"start":{"line":6,"column":0},"end":{"line":6,"column":50}},"6":{"start":{"line":7,"column":0},"end":{"line":7,"column":38}},"7":{"start":{"line":8,"column":0},"end":{"line":8,"column":28}},"8":{"start":{"line":10,"column":12},"end":{"line":10,"column":21}},"9":{"start":{"line":12,"column":0},"end":{"line":12,"column":24}},"10":{"start":{"line":14,"column":0},"end":{"line":17,"column":3}},"11":{"start":{"line":15,"column":4},"end":{"line":15,"column":40}},"12":{"start":{"line":16,"column":4},"end":{"line":16,"column":36}},"13":{"start":{"line":19,"column":0},"end":{"line":19,"column":38}},"14":{"start":{"line":20,"column":0},"end":{"line":20,"column":40}},"15":{"start":{"line":21,"column":0},"end":{"line":21,"column":42}},"16":{"start":{"line":22,"column":0},"end":{"line":22,"column":44}},"17":{"start":{"line":25,"column":0},"end":{"line":28,"column":3}},"18":{"start":{"line":26,"column":4},"end":{"line":26,"column":23}},"19":{"start":{"line":27,"column":4},"end":{"line":27,"column":94}},"20":{"start":{"line":31,"column":0},"end":{"line":33,"column":3}},"21":{"start":{"line":32,"column":4},"end":{"line":32,"column":86}},"22":{"start":{"line":32,"column":31},"end":{"line":32,"column":84}},"23":{"start":{"line":35,"column":0},"end":{"line":35,"column":null}}},"fnMap":{"0":{"name":"(anonymous_1)","decl":{"start":{"line":14,"column":13},"end":{"line":14,"column":14}},"loc":{"start":{"line":14,"column":26},"end":{"line":17,"column":1}}},"1":{"name":"(anonymous_2)","decl":{"start":{"line":25,"column":8},"end":{"line":25,"column":9}},"loc":{"start":{"line":25,"column":52},"end":{"line":28,"column":1}}},"2":{"name":"(anonymous_3)","decl":{"start":{"line":31,"column":19},"end":{"line":31,"column":22}},"loc":{"start":{"line":31,"column":24},"end":{"line":33,"column":1}}},"3":{"name":"(anonymous_4)","decl":{"start":{"line":32,"column":25},"end":{"line":32,"column":28}},"loc":{"start":{"line":32,"column":31},"end":{"line":32,"column":84}}}},"branchMap":{"0":{"loc":{"start":{"line":27,"column":15},"end":{"line":27,"column":36}},"type":"binary-expr","locations":[{"start":{"line":27,"column":15},"end":{"line":27,"column":29}},{"start":{"line":27,"column":33},"end":{"line":27,"column":36}}]},"1":{"loc":{"start":{"line":27,"column":52},"end":{"line":27,"column":90}},"type":"binary-expr","locations":[{"start":{"line":27,"column":52},"end":{"line":27,"column":63}},{"start":{"line":27,"column":67},"end":{"line":27,"column":90}}]}},"s":{"0":4,"1":4,"2":4,"3":4,"4":4,"5":4,"6":4,"7":4,"8":4,"9":4,"10":4,"11":0,"12":0,"13":4,"14":4,"15":4,"16":4,"17":4,"18":10,"19":10,"20":4,"21":4,"22":4,"23":4},"f":{"0":0,"1":10,"2":4,"3":4},"b":{"0":[10,0],"1":[10,0]}}
,"C:\\Users\\Reemh\\Desktop\\bootccamp\\firewall-REEMHOISMAN\\src\\db.ts": {"path":"C:\\Users\\Reemh\\Desktop\\bootccamp\\firewall-REEMHOISMAN\\src\\db.ts","statementMap":{"0":{"start":{"line":9,"column":0},"end":{"line":9,"column":7}},"1":{"start":{"line":2,"column":0},"end":{"line":2,"column":52}},"2":{"start":{"line":3,"column":0},"end":{"line":3,"column":26}},"3":{"start":{"line":4,"column":0},"end":{"line":4,"column":38}},"4":{"start":{"line":6,"column":13},"end":{"line":6,"column":63}},"5":{"start":{"line":7,"column":13},"end":{"line":7,"column":32}},"6":{"start":{"line":10,"column":21},"end":{"line":10,"column":63}},"7":{"start":{"line":11,"column":24},"end":{"line":11,"column":25}},"8":{"start":{"line":13,"column":4},"end":{"line":26,"column":5}},"9":{"start":{"line":13,"column":23},"end":{"line":13,"column":24}},"10":{"start":{"line":14,"column":8},"end":{"line":25,"column":9}},"11":{"start":{"line":15,"column":12},"end":{"line":15,"column":41}},"12":{"start":{"line":16,"column":12},"end":{"line":16,"column":62}},"13":{"start":{"line":17,"column":12},"end":{"line":17,"column":19}},"14":{"start":{"line":19,"column":12},"end":{"line":22,"column":13}},"15":{"start":{"line":20,"column":16},"end":{"line":20,"column":98}},"16":{"start":{"line":21,"column":16},"end":{"line":21,"column":26}},"17":{"start":{"line":23,"column":12},"end":{"line":23,"column":104}},"18":{"start":{"line":24,"column":12},"end":{"line":24,"column":64}},"19":{"start":{"line":24,"column":37},"end":{"line":24,"column":62}}},"fnMap":{"0":{"name":"connectToDb","decl":{"start":{"line":9,"column":22},"end":{"line":9,"column":33}},"loc":{"start":{"line":9,"column":33},"end":{"line":27,"column":1}}},"1":{"name":"(anonymous_1)","decl":{"start":{"line":24,"column":30},"end":{"line":24,"column":33}},"loc":{"start":{"line":24,"column":37},"end":{"line":24,"column":62}}}},"branchMap":{"0":{"loc":{"start":{"line":10,"column":21},"end":{"line":10,"column":63}},"type":"binary-expr","locations":[{"start":{"line":10,"column":21},"end":{"line":10,"column":55}},{"start":{"line":10,"column":59},"end":{"line":10,"column":63}}]},"1":{"loc":{"start":{"line":19,"column":12},"end":{"line":22,"column":13}},"type":"if","locations":[{"start":{"line":19,"column":12},"end":{"line":22,"column":13}},{"start":{},"end":{}}]}},"s":{"0":4,"1":4,"2":4,"3":4,"4":4,"5":4,"6":4,"7":4,"8":4,"9":4,"10":4,"11":4,"12":4,"13":4,"14":0,"15":0,"16":0,"17":0,"18":0,"19":0},"f":{"0":4,"1":0},"b":{"0":[4,0],"1":[0,0]}}
,"C:\\Users\\Reemh\\Desktop\\bootccamp\\firewall-REEMHOISMAN\\src\\config\\Logger.ts": {"path":"C:\\Users\\Reemh\\Desktop\\bootccamp\\firewall-REEMHOISMAN\\src\\config\\Logger.ts","statementMap":{"0":{"start":{"line":2,"column":0},"end":{"line":2,"column":20}},"1":{"start":{"line":3,"column":0},"end":{"line":3,"column":24}},"2":{"start":{"line":4,"column":0},"end":{"line":4,"column":30}},"3":{"start":{"line":5,"column":0},"end":{"line":5,"column":31}},"4":{"start":{"line":9,"column":18},"end":{"line":14,"column":null}},"5":{"start":{"line":13,"column":8},"end":{"line":13,"column":53}},"6":{"start":{"line":17,"column":19},"end":{"line":19,"column":null}},"7":{"start":{"line":23,"column":4},"end":{"line":23,"column":30}},"8":{"start":{"line":23,"column":16},"end":{"line":23,"column":30}},"9":{"start":{"line":25,"column":18},"end":{"line":25,"column":40}},"10":{"start":{"line":26,"column":44},"end":{"line":26,"column":46}},"11":{"start":{"line":28,"column":4},"end":{"line":39,"column":5}},"12":{"start":{"line":29,"column":8},"end":{"line":29,"column":58}},"13":{"start":{"line":31,"column":8},"end":{"line":31,"column":55}},"14":{"start":{"line":32,"column":8},"end":{"line":38,"column":10}},"15":{"start":{"line":41,"column":4},"end":{"line":45,"column":7}},"16":{"start":{"line":47,"column":4},"end":{"line":47,"column":25}},"17":{"start":{"line":48,"column":4},"end":{"line":48,"column":88}},"18":{"start":{"line":50,"column":4},"end":{"line":50,"column":18}},"19":{"start":{"line":54,"column":4},"end":{"line":54,"column":62}},"20":{"start":{"line":54,"column":38},"end":{"line":54,"column":61}},"21":{"start":{"line":55,"column":4},"end":{"line":55,"column":63}},"22":{"start":{"line":55,"column":39},"end":{"line":55,"column":62}},"23":{"start":{"line":56,"column":4},"end":{"line":56,"column":63}},"24":{"start":{"line":56,"column":39},"end":{"line":56,"column":62}},"25":{"start":{"line":57,"column":4},"end":{"line":57,"column":65}},"26":{"start":{"line":57,"column":40},"end":{"line":57,"column":64}},"27":{"start":{"line":58,"column":4},"end":{"line":58,"column":65}},"28":{"start":{"line":58,"column":40},"end":{"line":58,"column":64}},"29":{"start":{"line":61,"column":0},"end":{"line":61,"column":13}}},"fnMap":{"0":{"name":"(anonymous_1)","decl":{"start":{"line":12,"column":26},"end":{"line":12,"column":27}},"loc":{"start":{"line":12,"column":60},"end":{"line":14,"column":5}}},"1":{"name":"initLogger","decl":{"start":{"line":22,"column":9},"end":{"line":22,"column":19}},"loc":{"start":{"line":22,"column":19},"end":{"line":51,"column":1}}},"2":{"name":"patchConsole","decl":{"start":{"line":53,"column":9},"end":{"line":53,"column":21}},"loc":{"start":{"line":53,"column":40},"end":{"line":59,"column":1}}},"3":{"name":"(anonymous_4)","decl":{"start":{"line":54,"column":18},"end":{"line":54,"column":19}},"loc":{"start":{"line":54,"column":38},"end":{"line":54,"column":61}}},"4":{"name":"(anonymous_5)","decl":{"start":{"line":55,"column":19},"end":{"line":55,"column":20}},"loc":{"start":{"line":55,"column":39},"end":{"line":55,"column":62}}},"5":{"name":"(anonymous_6)","decl":{"start":{"line":56,"column":19},"end":{"line":56,"column":20}},"loc":{"start":{"line":56,"column":39},"end":{"line":56,"column":62}}},"6":{"name":"(anonymous_7)","decl":{"start":{"line":57,"column":20},"end":{"line":57,"column":21}},"loc":{"start":{"line":57,"column":40},"end":{"line":57,"column":64}}},"7":{"name":"(anonymous_8)","decl":{"start":{"line":58,"column":20},"end":{"line":58,"column":21}},"loc":{"start":{"line":58,"column":40},"end":{"line":58,"column":64}}}},"branchMap":{"0":{"loc":{"start":{"line":23,"column":4},"end":{"line":23,"column":30}},"type":"if","locations":[{"start":{"line":23,"column":4},"end":{"line":23,"column":30}},{"start":{},"end":{}}]},"1":{"loc":{"start":{"line":28,"column":4},"end":{"line":39,"column":5}},"type":"if","locations":[{"start":{"line":28,"column":4},"end":{"line":39,"column":5}},{"start":{"line":30,"column":11},"end":{"line":39,"column":5}}]},"2":{"loc":{"start":{"line":43,"column":16},"end":{"line":43,"column":46}},"type":"cond-expr","locations":[{"start":{"line":43,"column":24},"end":{"line":43,"column":33}},{"start":{"line":43,"column":36},"end":{"line":43,"column":46}}]},"3":{"loc":{"start":{"line":48,"column":58},"end":{"line":48,"column":84}},"type":"cond-expr","locations":[{"start":{"line":48,"column":66},"end":{"line":48,"column":75}},{"start":{"line":48,"column":78},"end":{"line":48,"column":84}}]}},"s":{"0":4,"1":4,"2":4,"3":4,"4":4,"5":0,"6":4,"7":4,"8":0,"9":4,"10":4,"11":4,"12":0,"13":4,"14":4,"15":4,"16":4,"17":4,"18":4,"19":4,"20":0,"21":4,"22":10,"23":4,"24":0,"25":4,"26":10,"27":4,"28":0,"29":4},"f":{"0":0,"1":4,"2":4,"3":0,"4":10,"5":0,"6":10,"7":0},"b":{"0":[0,4],"1":[0,4],"2":[0,4],"3":[0,4]}}
,"C:\\Users\\Reemh\\Desktop\\bootccamp\\firewall-REEMHOISMAN\\src\\config\\env.ts": {"path":"C:\\Users\\Reemh\\Desktop\\bootccamp\\firewall-REEMHOISMAN\\src\\config\\env.ts","statementMap":{"0":{"start":{"line":2,"column":0},"end":{"line":2,"column":23}},"1":{"start":{"line":3,"column":0},"end":{"line":3,"column":24}},"2":{"start":{"line":5,"column":18},"end":{"line":20,"column":3}},"3":{"start":{"line":17,"column":23},"end":{"line":20,"column":2}},"4":{"start":{"line":22,"column":15},"end":{"line":22,"column":47}},"5":{"start":{"line":23,"column":0},"end":{"line":29,"column":1}},"6":{"start":{"line":24,"column":4},"end":{"line":24,"column":54}},"7":{"start":{"line":25,"column":4},"end":{"line":27,"column":7}},"8":{"start":{"line":26,"column":8},"end":{"line":26,"column":69}},"9":{"start":{"line":28,"column":4},"end":{"line":28,"column":20}},"10":{"start":{"line":31,"column":13},"end":{"line":31,"column":31}},"11":{"start":{"line":33,"column":13},"end":{"line":38,"column":2}}},"fnMap":{"0":{"name":"(anonymous_0)","decl":{"start":{"line":17,"column":13},"end":{"line":17,"column":14}},"loc":{"start":{"line":17,"column":23},"end":{"line":20,"column":2}}},"1":{"name":"(anonymous_1)","decl":{"start":{"line":25,"column":32},"end":{"line":25,"column":37}},"loc":{"start":{"line":25,"column":40},"end":{"line":27,"column":5}}}},"branchMap":{"0":{"loc":{"start":{"line":23,"column":0},"end":{"line":29,"column":1}},"type":"if","locations":[{"start":{"line":23,"column":0},"end":{"line":29,"column":1}},{"start":{},"end":{}}]}},"s":{"0":4,"1":4,"2":4,"3":4,"4":4,"5":4,"6":0,"7":0,"8":0,"9":0,"10":4,"11":4},"f":{"0":4,"1":0},"b":{"0":[0,4]}}
,"C:\\Users\\Reemh\\Desktop\\bootccamp\\firewall-REEMHOISMAN\\src\\repositories\\repositoryRules.ts": {"path":"C:\\Users\\Reemh\\Desktop\\bootccamp\\firewall-REEMHOISMAN\\src\\repositories\\repositoryRules.ts","statementMap":{"0":{"start":{"line":1,"column":0},"end":{"line":1,"column":47}},"1":{"start":{"line":2,"column":0},"end":{"line":2,"column":28}},"2":{"start":{"line":4,"column":0},"end":{"line":4,"column":45}},"3":{"start":{"line":5,"column":0},"end":{"line":5,"column":45}},"4":{"start":{"line":7,"column":24},"end":{"line":22,"column":1}},"5":{"start":{"line":8,"column":17},"end":{"line":12,"column":7}},"6":{"start":{"line":8,"column":42},"end":{"line":12,"column":6}},"7":{"start":{"line":13,"column":21},"end":{"line":17,"column":36}},"8":{"start":{"line":19,"column":4},"end":{"line":21,"column":5}},"9":{"start":{"line":20,"column":8},"end":{"line":20,"column":80}},"10":{"start":{"line":7,"column":13},"end":{"line":7,"column":24}},"11":{"start":{"line":24,"column":26},"end":{"line":36,"column":1}},"12":{"start":{"line":25,"column":4},"end":{"line":34,"column":21}},"13":{"start":{"line":24,"column":13},"end":{"line":24,"column":26}},"14":{"start":{"line":39,"column":27},"end":{"line":41,"column":1}},"15":{"start":{"line":40,"column":4},"end":{"line":40,"column":35}},"16":{"start":{"line":39,"column":13},"end":{"line":39,"column":27}},"17":{"start":{"line":43,"column":27},"end":{"line":54,"column":1}},"18":{"start":{"line":44,"column":4},"end":{"line":53,"column":78}},"19":{"start":{"line":43,"column":13},"end":{"line":43,"column":27}}},"fnMap":{"0":{"name":"(anonymous_0)","decl":{"start":{"line":7,"column":24},"end":{"line":7,"column":29}},"loc":{"start":{"line":7,"column":55},"end":{"line":22,"column":1}}},"1":{"name":"(anonymous_1)","decl":{"start":{"line":8,"column":34},"end":{"line":8,"column":35}},"loc":{"start":{"line":8,"column":42},"end":{"line":12,"column":6}}},"2":{"name":"(anonymous_2)","decl":{"start":{"line":24,"column":26},"end":{"line":24,"column":31}},"loc":{"start":{"line":24,"column":60},"end":{"line":36,"column":1}}},"3":{"name":"(anonymous_3)","decl":{"start":{"line":39,"column":27},"end":{"line":39,"column":32}},"loc":{"start":{"line":39,"column":38},"end":{"line":41,"column":1}}},"4":{"name":"(anonymous_4)","decl":{"start":{"line":43,"column":27},"end":{"line":43,"column":32}},"loc":{"start":{"line":43,"column":60},"end":{"line":54,"column":1}}}},"branchMap":{"0":{"loc":{"start":{"line":19,"column":4},"end":{"line":21,"column":5}},"type":"if","locations":[{"start":{"line":19,"column":4},"end":{"line":21,"column":5}},{"start":{},"end":{}}]}},"s":{"0":4,"1":4,"2":4,"3":4,"4":4,"5":10,"6":11,"7":10,"8":10,"9":1,"10":4,"11":4,"12":3,"13":4,"14":4,"15":4,"16":4,"17":4,"18":3,"19":4},"f":{"0":10,"1":11,"2":3,"3":4,"4":3},"b":{"0":[1,9]}}
,"C:\\Users\\Reemh\\Desktop\\bootccamp\\firewall-REEMHOISMAN\\src\\routes\\routerIP.ts": {"path":"C:\\Users\\Reemh\\Desktop\\bootccamp\\firewall-REEMHOISMAN\\src\\routes\\routerIP.ts","statementMap":{"0":{"start":{"line":1,"column":0},"end":{"line":1,"column":55}},"1":{"start":{"line":2,"column":0},"end":{"line":2,"column":31}},"2":{"start":{"line":3,"column":0},"end":{"line":3,"column":67}},"3":{"start":{"line":5,"column":17},"end":{"line":5,"column":25}},"4":{"start":{"line":7,"column":0},"end":{"line":7,"column":null}},"5":{"start":{"line":8,"column":0},"end":{"line":8,"column":43}},"6":{"start":{"line":9,"column":0},"end":{"line":9,"column":48}},"7":{"start":{"line":11,"column":0},"end":{"line":11,"column":24}}},"fnMap":{},"branchMap":{},"s":{"0":4,"1":4,"2":4,"3":4,"4":4,"5":4,"6":4,"7":4},"f":{},"b":{}}
,"C:\\Users\\Reemh\\Desktop\\bootccamp\\firewall-REEMHOISMAN\\src\\routes\\routerPort.ts": {"path":"C:\\Users\\Reemh\\Desktop\\bootccamp\\firewall-REEMHOISMAN\\src\\routes\\routerPort.ts","statementMap":{"0":{"start":{"line":1,"column":0},"end":{"line":1,"column":55}},"1":{"start":{"line":2,"column":0},"end":{"line":2,"column":31}},"2":{"start":{"line":3,"column":0},"end":{"line":3,"column":69}},"3":{"start":{"line":5,"column":19},"end":{"line":5,"column":27}},"4":{"start":{"line":7,"column":0},"end":{"line":7,"column":null}},"5":{"start":{"line":8,"column":0},"end":{"line":8,"column":45}},"6":{"start":{"line":9,"column":0},"end":{"line":9,"column":50}},"7":{"start":{"line":11,"column":0},"end":{"line":11,"column":26}}},"fnMap":{},"branchMap":{},"s":{"0":4,"1":4,"2":4,"3":4,"4":4,"5":4,"6":4,"7":4},"f":{},"b":{}}
,"C:\\Users\\Reemh\\Desktop\\bootccamp\\firewall-REEMHOISMAN\\src\\routes\\routerRules.ts": {"path":"C:\\Users\\Reemh\\Desktop\\bootccamp\\firewall-REEMHOISMAN\\src\\routes\\routerRules.ts","statementMap":{"0":{"start":{"line":1,"column":0},"end":{"line":1,"column":55}},"1":{"start":{"line":2,"column":0},"end":{"line":2,"column":31}},"2":{"start":{"line":3,"column":0},"end":{"line":3,"column":57}},"3":{"start":{"line":5,"column":20},"end":{"line":5,"column":28}},"4":{"start":{"line":7,"column":0},"end":{"line":7,"column":49}},"5":{"start":{"line":8,"column":0},"end":{"line":8,"column":69}},"6":{"start":{"line":10,"column":0},"end":{"line":10,"column":27}}},"fnMap":{},"branchMap":{},"s":{"0":4,"1":4,"2":4,"3":4,"4":4,"5":4,"6":4},"f":{},"b":{}}
,"C:\\Users\\Reemh\\Desktop\\bootccamp\\firewall-REEMHOISMAN\\src\\routes\\routerUrl.ts": {"path":"C:\\Users\\Reemh\\Desktop\\bootccamp\\firewall-REEMHOISMAN\\src\\routes\\routerUrl.ts","statementMap":{"0":{"start":{"line":1,"column":0},"end":{"line":1,"column":55}},"1":{"start":{"line":2,"column":0},"end":{"line":2,"column":31}},"2":{"start":{"line":3,"column":0},"end":{"line":3,"column":68}},"3":{"start":{"line":4,"column":18},"end":{"line":4,"column":26}},"4":{"start":{"line":7,"column":0},"end":{"line":7,"column":null}},"5":{"start":{"line":8,"column":0},"end":{"line":8,"column":44}},"6":{"start":{"line":9,"column":0},"end":{"line":9,"column":49}},"7":{"start":{"line":11,"column":0},"end":{"line":11,"column":25}}},"fnMap":{},"branchMap":{},"s":{"0":4,"1":4,"2":4,"3":4,"4":4,"5":4,"6":4,"7":4},"f":{},"b":{}}
,"C:\\Users\\Reemh\\Desktop\\bootccamp\\firewall-REEMHOISMAN\\src\\services\\ServiceRules.ts": {"path":"C:\\Users\\Reemh\\Desktop\\bootccamp\\firewall-REEMHOISMAN\\src\\services\\ServiceRules.ts","statementMap":{"0":{"start":{"line":1,"column":0},"end":{"line":1,"column":98}},"1":{"start":{"line":2,"column":0},"end":{"line":2,"column":29}},"2":{"start":{"line":5,"column":0},"end":{"line":5,"column":45}},"3":{"start":{"line":7,"column":30},"end":{"line":17,"column":1}},"4":{"start":{"line":8,"column":4},"end":{"line":16,"column":5}},"5":{"start":{"line":9,"column":8},"end":{"line":11,"column":11}},"6":{"start":{"line":10,"column":12},"end":{"line":10,"column":42}},"7":{"start":{"line":12,"column":8},"end":{"line":12,"column":65}},"8":{"start":{"line":15,"column":8},"end":{"line":15,"column":18}},"9":{"start":{"line":7,"column":13},"end":{"line":7,"column":30}},"10":{"start":{"line":20,"column":33},"end":{"line":32,"column":1}},"11":{"start":{"line":21,"column":4},"end":{"line":31,"column":5}},"12":{"start":{"line":22,"column":8},"end":{"line":27,"column":11}},"13":{"start":{"line":23,"column":28},"end":{"line":23,"column":59}},"14":{"start":{"line":24,"column":12},"end":{"line":26,"column":13}},"15":{"start":{"line":25,"column":16},"end":{"line":25,"column":73}},"16":{"start":{"line":28,"column":8},"end":{"line":28,"column":65}},"17":{"start":{"line":30,"column":8},"end":{"line":30,"column":18}},"18":{"start":{"line":20,"column":13},"end":{"line":20,"column":33}},"19":{"start":{"line":34,"column":34},"end":{"line":59,"column":1}},"20":{"start":{"line":35,"column":4},"end":{"line":58,"column":5}},"21":{"start":{"line":36,"column":21},"end":{"line":36,"column":40}},"22":{"start":{"line":38,"column":21},"end":{"line":42,"column":10}},"23":{"start":{"line":44,"column":8},"end":{"line":52,"column":9}},"24":{"start":{"line":45,"column":12},"end":{"line":51,"column":13}},"25":{"start":{"line":46,"column":16},"end":{"line":46,"column":74}},"26":{"start":{"line":47,"column":19},"end":{"line":51,"column":13}},"27":{"start":{"line":48,"column":16},"end":{"line":48,"column":75}},"28":{"start":{"line":49,"column":19},"end":{"line":51,"column":13}},"29":{"start":{"line":50,"column":16},"end":{"line":50,"column":84}},"30":{"start":{"line":55,"column":8},"end":{"line":55,"column":35}},"31":{"start":{"line":57,"column":8},"end":{"line":57,"column":18}},"32":{"start":{"line":34,"column":13},"end":{"line":34,"column":34}},"33":{"start":{"line":62,"column":39},"end":{"line":84,"column":1}},"34":{"start":{"line":63,"column":4},"end":{"line":83,"column":5}},"35":{"start":{"line":64,"column":28},"end":{"line":64,"column":30}},"36":{"start":{"line":65,"column":8},"end":{"line":77,"column":11}},"37":{"start":{"line":67,"column":8},"end":{"line":76,"column":9}},"38":{"start":{"line":69,"column":12},"end":{"line":69,"column":72}},"39":{"start":{"line":69,"column":63},"end":{"line":69,"column":72}},"40":{"start":{"line":71,"column":25},"end":{"line":71,"column":64}},"41":{"start":{"line":72,"column":12},"end":{"line":74,"column":13}},"42":{"start":{"line":73,"column":16},"end":{"line":73,"column":72}},"43":{"start":{"line":75,"column":12},"end":{"line":75,"column":34}},"44":{"start":{"line":78,"column":8},"end":{"line":78,"column":66}},"45":{"start":{"line":79,"column":8},"end":{"line":79,"column":49}},"46":{"start":{"line":82,"column":8},"end":{"line":82,"column":25}},"47":{"start":{"line":62,"column":13},"end":{"line":62,"column":39}}},"fnMap":{"0":{"name":"(anonymous_0)","decl":{"start":{"line":7,"column":30},"end":{"line":7,"column":35}},"loc":{"start":{"line":7,"column":85},"end":{"line":17,"column":1}}},"1":{"name":"(anonymous_1)","decl":{"start":{"line":9,"column":29},"end":{"line":9,"column":34}},"loc":{"start":{"line":9,"column":43},"end":{"line":11,"column":9}}},"2":{"name":"(anonymous_2)","decl":{"start":{"line":20,"column":33},"end":{"line":20,"column":38}},"loc":{"start":{"line":20,"column":91},"end":{"line":32,"column":1}}},"3":{"name":"(anonymous_3)","decl":{"start":{"line":22,"column":29},"end":{"line":22,"column":34}},"loc":{"start":{"line":22,"column":43},"end":{"line":27,"column":9}}},"4":{"name":"(anonymous_4)","decl":{"start":{"line":34,"column":34},"end":{"line":34,"column":39}},"loc":{"start":{"line":34,"column":92},"end":{"line":59,"column":1}}},"5":{"name":"(anonymous_5)","decl":{"start":{"line":62,"column":39},"end":{"line":62,"column":44}},"loc":{"start":{"line":62,"column":97},"end":{"line":84,"column":1}}},"6":{"name":"(anonymous_6)","decl":{"start":{"line":65,"column":29},"end":{"line":65,"column":34}},"loc":{"start":{"line":65,"column":43},"end":{"line":77,"column":9}}}},"branchMap":{"0":{"loc":{"start":{"line":24,"column":12},"end":{"line":26,"column":13}},"type":"if","locations":[{"start":{"line":24,"column":12},"end":{"line":26,"column":13}},{"start":{},"end":{}}]},"1":{"loc":{"start":{"line":45,"column":12},"end":{"line":51,"column":13}},"type":"if","locations":[{"start":{"line":45,"column":12},"end":{"line":51,"column":13}},{"start":{"line":47,"column":19},"end":{"line":51,"column":13}}]},"2":{"loc":{"start":{"line":47,"column":19},"end":{"line":51,"column":13}},"type":"if","locations":[{"start":{"line":47,"column":19},"end":{"line":51,"column":13}},{"start":{"line":49,"column":19},"end":{"line":51,"column":13}}]},"3":{"loc":{"start":{"line":49,"column":19},"end":{"line":51,"column":13}},"type":"if","locations":[{"start":{"line":49,"column":19},"end":{"line":51,"column":13}},{"start":{},"end":{}}]},"4":{"loc":{"start":{"line":69,"column":12},"end":{"line":69,"column":72}},"type":"if","locations":[{"start":{"line":69,"column":12},"end":{"line":69,"column":72}},{"start":{},"end":{}}]},"5":{"loc":{"start":{"line":69,"column":16},"end":{"line":69,"column":61}},"type":"binary-expr","locations":[{"start":{"line":69,"column":16},"end":{"line":69,"column":24}},{"start":{"line":69,"column":28},"end":{"line":69,"column":61}}]},"6":{"loc":{"start":{"line":72,"column":12},"end":{"line":74,"column":13}},"type":"if","locations":[{"start":{"line":72,"column":12},"end":{"line":74,"column":13}},{"start":{},"end":{}}]}},"s":{"0":4,"1":4,"2":4,"3":4,"4":10,"5":10,"6":10,"7":9,"8":1,"9":4,"10":4,"11":3,"12":3,"13":3,"14":3,"15":1,"16":2,"17":1,"18":4,"19":4,"20":4,"21":4,"22":4,"23":4,"24":3,"25":2,"26":1,"27":0,"28":1,"29":1,"30":4,"31":0,"32":4,"33":4,"34":3,"35":3,"36":3,"37":3,"38":7,"39":4,"40":3,"41":3,"42":1,"43":2,"44":2,"45":2,"46":1,"47":4},"f":{"0":10,"1":10,"2":3,"3":3,"4":4,"5":3,"6":3},"b":{"0":[1,2],"1":[2,1],"2":[0,1],"3":[1,0],"4":[4,3],"5":[7,7],"6":[1,2]}}
,"C:\\Users\\Reemh\\Desktop\\bootccamp\\firewall-REEMHOISMAN\\src\\types\\models\\rules.ts": {"path":"C:\\Users\\Reemh\\Desktop\\bootccamp\\firewall-REEMHOISMAN\\src\\types\\models\\rules.ts","statementMap":{"0":{"start":{"line":1,"column":0},"end":{"line":1,"column":72}},"1":{"start":{"line":3,"column":13},"end":{"line":9,"column":3}}},"fnMap":{},"branchMap":{},"s":{"0":4,"1":4},"f":{},"b":{}}
,"C:\\Users\\Reemh\\Desktop\\bootccamp\\firewall-REEMHOISMAN\\src\\utils\\errors.ts": {"path":"C:\\Users\\Reemh\\Desktop\\bootccamp\\firewall-REEMHOISMAN\\src\\utils\\errors.ts","statementMap":{"0":{"start":{"line":5,"column":8},"end":{"line":5,"column":35}},"1":{"start":{"line":6,"column":8},"end":{"line":6,"column":33}},"2":{"start":{"line":1,"column":0},"end":{"line":1,"column":13}}},"fnMap":{"0":{"name":"(anonymous_0)","decl":{"start":{"line":4,"column":4},"end":{"line":4,"column":16}},"loc":{"start":{"line":4,"column":47},"end":{"line":7,"column":5}}}},"branchMap":{},"s":{"0":10,"1":10,"2":4},"f":{"0":10},"b":{}}
,"C:\\Users\\Reemh\\Desktop\\bootccamp\\firewall-REEMHOISMAN\\src\\validators\\validators.ts": {"path":"C:\\Users\\Reemh\\Desktop\\bootccamp\\firewall-REEMHOISMAN\\src\\validators\\validators.ts","statementMap":{"0":{"start":{"line":2,"column":0},"end":{"line":2,"column":34}},"1":{"start":{"line":3,"column":0},"end":{"line":3,"column":45}},"2":{"start":{"line":4,"column":0},"end":{"line":4,"column":40}},"3":{"start":{"line":7,"column":27},"end":{"line":18,"column":1}},"4":{"start":{"line":8,"column":21},"end":{"line":8,"column":35}},"5":{"start":{"line":10,"column":4},"end":{"line":12,"column":5}},"6":{"start":{"line":11,"column":8},"end":{"line":11,"column":73}},"7":{"start":{"line":14,"column":4},"end":{"line":16,"column":5}},"8":{"start":{"line":15,"column":8},"end":{"line":15,"column":62}},"9":{"start":{"line":17,"column":4},"end":{"line":17,"column":11}},"10":{"start":{"line":7,"column":13},"end":{"line":7,"column":27}},"11":{"start":{"line":21,"column":26},"end":{"line":28,"column":1}},"12":{"start":{"line":22,"column":23},"end":{"line":22,"column":31}},"13":{"start":{"line":23,"column":4},"end":{"line":25,"column":5}},"14":{"start":{"line":23,"column":36},"end":{"line":23,"column":58}},"15":{"start":{"line":24,"column":8},"end":{"line":24,"column":75}},"16":{"start":{"line":26,"column":4},"end":{"line":26,"column":25}},"17":{"start":{"line":27,"column":4},"end":{"line":27,"column":11}},"18":{"start":{"line":21,"column":13},"end":{"line":21,"column":26}},"19":{"start":{"line":31,"column":27},"end":{"line":40,"column":1}},"20":{"start":{"line":32,"column":23},"end":{"line":32,"column":31}},"21":{"start":{"line":34,"column":4},"end":{"line":36,"column":5}},"22":{"start":{"line":34,"column":37},"end":{"line":34,"column":57}},"23":{"start":{"line":35,"column":8},"end":{"line":35,"column":76}},"24":{"start":{"line":38,"column":4},"end":{"line":38,"column":26}},"25":{"start":{"line":39,"column":4},"end":{"line":39,"column":11}},"26":{"start":{"line":31,"column":13},"end":{"line":31,"column":27}},"27":{"start":{"line":42,"column":28},"end":{"line":51,"column":1}},"28":{"start":{"line":43,"column":23},"end":{"line":43,"column":31}},"29":{"start":{"line":45,"column":4},"end":{"line":47,"column":5}},"30":{"start":{"line":45,"column":65},"end":{"line":45,"column":116}},"31":{"start":{"line":46,"column":8},"end":{"line":46,"column":68}},"32":{"start":{"line":49,"column":4},"end":{"line":49,"column":27}},"33":{"start":{"line":50,"column":4},"end":{"line":50,"column":11}},"34":{"start":{"line":42,"column":13},"end":{"line":42,"column":28}},"35":{"start":{"line":54,"column":29},"end":{"line":73,"column":1}},"36":{"start":{"line":55,"column":31},"end":{"line":55,"column":39}},"37":{"start":{"line":57,"column":4},"end":{"line":59,"column":5}},"38":{"start":{"line":58,"column":8},"end":{"line":58,"column":61}},"39":{"start":{"line":61,"column":4},"end":{"line":70,"column":5}},"40":{"start":{"line":62,"column":8},"end":{"line":69,"column":9}},"41":{"start":{"line":63,"column":12},"end":{"line":65,"column":13}},"42":{"start":{"line":64,"column":16},"end":{"line":64,"column":88}},"43":{"start":{"line":66,"column":12},"end":{"line":68,"column":13}},"44":{"start":{"line":67,"column":16},"end":{"line":67,"column":76}},"45":{"start":{"line":72,"column":4},"end":{"line":72,"column":11}},"46":{"start":{"line":54,"column":13},"end":{"line":54,"column":29}}},"fnMap":{"0":{"name":"(anonymous_1)","decl":{"start":{"line":7,"column":27},"end":{"line":7,"column":28}},"loc":{"start":{"line":7,"column":79},"end":{"line":18,"column":1}}},"1":{"name":"(anonymous_2)","decl":{"start":{"line":21,"column":26},"end":{"line":21,"column":27}},"loc":{"start":{"line":21,"column":78},"end":{"line":28,"column":1}}},"2":{"name":"(anonymous_3)","decl":{"start":{"line":23,"column":22},"end":{"line":23,"column":23}},"loc":{"start":{"line":23,"column":36},"end":{"line":23,"column":58}}},"3":{"name":"(anonymous_4)","decl":{"start":{"line":31,"column":27},"end":{"line":31,"column":28}},"loc":{"start":{"line":31,"column":79},"end":{"line":40,"column":1}}},"4":{"name":"(anonymous_5)","decl":{"start":{"line":34,"column":22},"end":{"line":34,"column":23}},"loc":{"start":{"line":34,"column":37},"end":{"line":34,"column":57}}},"5":{"name":"(anonymous_6)","decl":{"start":{"line":42,"column":28},"end":{"line":42,"column":29}},"loc":{"start":{"line":42,"column":80},"end":{"line":51,"column":1}}},"6":{"name":"(anonymous_7)","decl":{"start":{"line":45,"column":48},"end":{"line":45,"column":49}},"loc":{"start":{"line":45,"column":65},"end":{"line":45,"column":116}}},"7":{"name":"(anonymous_8)","decl":{"start":{"line":54,"column":29},"end":{"line":54,"column":30}},"loc":{"start":{"line":54,"column":81},"end":{"line":73,"column":1}}}},"branchMap":{"0":{"loc":{"start":{"line":8,"column":21},"end":{"line":8,"column":35}},"type":"binary-expr","locations":[{"start":{"line":8,"column":21},"end":{"line":8,"column":29}},{"start":{"line":8,"column":33},"end":{"line":8,"column":35}}]},"1":{"loc":{"start":{"line":10,"column":4},"end":{"line":12,"column":5}},"type":"if","locations":[{"start":{"line":10,"column":4},"end":{"line":12,"column":5}},{"start":{},"end":{}}]},"2":{"loc":{"start":{"line":14,"column":4},"end":{"line":16,"column":5}},"type":"if","locations":[{"start":{"line":14,"column":4},"end":{"line":16,"column":5}},{"start":{},"end":{}}]},"3":{"loc":{"start":{"line":23,"column":4},"end":{"line":25,"column":5}},"type":"if","locations":[{"start":{"line":23,"column":4},"end":{"line":25,"column":5}},{"start":{},"end":{}}]},"4":{"loc":{"start":{"line":34,"column":4},"end":{"line":36,"column":5}},"type":"if","locations":[{"start":{"line":34,"column":4},"end":{"line":36,"column":5}},{"start":{},"end":{}}]},"5":{"loc":{"start":{"line":45,"column":4},"end":{"line":47,"column":5}},"type":"if","locations":[{"start":{"line":45,"column":4},"end":{"line":47,"column":5}},{"start":{},"end":{}}]},"6":{"loc":{"start":{"line":45,"column":8},"end":{"line":45,"column":117}},"type":"binary-expr","locations":[{"start":{"line":45,"column":8},"end":{"line":45,"column":30}},{"start":{"line":45,"column":34},"end":{"line":45,"column":117}}]},"7":{"loc":{"start":{"line":45,"column":65},"end":{"line":45,"column":116}},"type":"binary-expr","locations":[{"start":{"line":45,"column":65},"end":{"line":45,"column":88}},{"start":{"line":45,"column":92},"end":{"line":45,"column":100}},{"start":{"line":45,"column":104},"end":{"line":45,"column":116}}]},"8":{"loc":{"start":{"line":57,"column":4},"end":{"line":59,"column":5}},"type":"if","locations":[{"start":{"line":57,"column":4},"end":{"line":59,"column":5}},{"start":{},"end":{}}]},"9":{"loc":{"start":{"line":57,"column":8},"end":{"line":57,"column":31}},"type":"binary-expr","locations":[{"start":{"line":57,"column":8},"end":{"line":57,"column":13}},{"start":{"line":57,"column":17},"end":{"line":57,"column":23}},{"start":{"line":57,"column":27},"end":{"line":57,"column":31}}]},"10":{"loc":{"start":{"line":62,"column":8},"end":{"line":69,"column":9}},"type":"if","locations":[{"start":{"line":62,"column":8},"end":{"line":69,"column":9}},{"start":{},"end":{}}]},"11":{"loc":{"start":{"line":62,"column":12},"end":{"line":62,"column":52}},"type":"binary-expr","locations":[{"start":{"line":62,"column":12},"end":{"line":62,"column":18}},{"start":{"line":62,"column":22},"end":{"line":62,"column":52}}]},"12":{"loc":{"start":{"line":63,"column":12},"end":{"line":65,"column":13}},"type":"if","locations":[{"start":{"line":63,"column":12},"end":{"line":65,"column":13}},{"start":{},"end":{}}]},"13":{"loc":{"start":{"line":63,"column":16},"end":{"line":63,"column":96}},"type":"binary-expr","locations":[{"start":{"line":63,"column":16},"end":{"line":63,"column":42}},{"start":{"line":63,"column":46},"end":{"line":63,"column":58}},{"start":{"line":63,"column":62},"end":{"line":63,"column":96}}]},"14":{"loc":{"start":{"line":66,"column":12},"end":{"line":68,"column":13}},"type":"if","locations":[{"start":{"line":66,"column":12},"end":{"line":68,"column":13}},{"start":{},"end":{}}]}},"s":{"0":4,"1":4,"2":4,"3":4,"4":18,"5":18,"6":1,"7":17,"8":1,"9":16,"10":4,"11":4,"12":10,"13":10,"14":11,"15":1,"16":9,"17":9,"18":4,"19":4,"20":2,"21":2,"22":2,"23":1,"24":1,"25":1,"26":4,"27":4,"28":4,"29":4,"30":4,"31":1,"32":3,"33":3,"34":4,"35":4,"36":5,"37":5,"38":1,"39":4,"40":12,"41":4,"42":0,"43":4,"44":1,"45":3,"46":4},"f":{"0":18,"1":10,"2":11,"3":2,"4":2,"5":4,"6":4,"7":5},"b":{"0":[18,0],"1":[1,17],"2":[1,16],"3":[1,9],"4":[1,1],"5":[1,3],"6":[4,4],"7":[4,4,4],"8":[1,4],"9":[5,4,4],"10":[4,8],"11":[12,12],"12":[0,4],"13":[4,4,4],"14":[1,3]}}
}
