TN:
SF:src\app.ts
FN:14,(anonymous_1)
FN:25,(anonymous_2)
FN:31,(anonymous_3)
FN:32,(anonymous_4)
FNF:4
FNH:3
FNDA:0,(anonymous_1)
FNDA:10,(anonymous_2)
FNDA:4,(anonymous_3)
FNDA:4,(anonymous_4)
DA:1,4
DA:2,4
DA:3,4
DA:4,4
DA:5,4
DA:6,4
DA:7,4
DA:8,4
DA:10,4
DA:12,4
DA:14,4
DA:15,0
DA:16,0
DA:19,4
DA:20,4
DA:21,4
DA:22,4
DA:25,4
DA:26,10
DA:27,10
DA:31,4
DA:32,4
DA:35,4
LF:23
LH:21
BRDA:27,0,0,10
BRDA:27,0,1,0
BRDA:27,1,0,10
BRDA:27,1,1,0
BRF:4
BRH:2
end_of_record
TN:
SF:src\db.ts
FN:9,connectToDb
FN:24,(anonymous_1)
FNF:2
FNH:1
FNDA:4,connectToDb
FNDA:0,(anonymous_1)
DA:2,4
DA:3,4
DA:4,4
DA:6,4
DA:7,4
DA:9,4
DA:10,4
DA:11,4
DA:13,4
DA:14,4
DA:15,4
DA:16,4
DA:17,4
DA:19,0
DA:20,0
DA:21,0
DA:23,0
DA:24,0
LF:18
LH:13
BRDA:10,0,0,4
BRDA:10,0,1,0
BRDA:19,1,0,0
BRDA:19,1,1,0
BRF:4
BRH:1
end_of_record
TN:
SF:src\config\Logger.ts
FN:12,(anonymous_1)
FN:22,initLogger
FN:53,patchConsole
FN:54,(anonymous_4)
FN:55,(anonymous_5)
FN:56,(anonymous_6)
FN:57,(anonymous_7)
FN:58,(anonymous_8)
FNF:8
FNH:4
FNDA:0,(anonymous_1)
FNDA:4,initLogger
FNDA:4,patchConsole
FNDA:0,(anonymous_4)
FNDA:10,(anonymous_5)
FNDA:0,(anonymous_6)
FNDA:10,(anonymous_7)
FNDA:0,(anonymous_8)
DA:2,4
DA:3,4
DA:4,4
DA:5,4
DA:9,4
DA:13,0
DA:17,4
DA:23,4
DA:25,4
DA:26,4
DA:28,4
DA:29,0
DA:31,4
DA:32,4
DA:41,4
DA:47,4
DA:48,4
DA:50,4
DA:54,4
DA:55,10
DA:56,4
DA:57,10
DA:58,4
DA:61,4
LF:24
LH:22
BRDA:23,0,0,0
BRDA:23,0,1,4
BRDA:28,1,0,0
BRDA:28,1,1,4
BRDA:43,2,0,0
BRDA:43,2,1,4
BRDA:48,3,0,0
BRDA:48,3,1,4
BRF:8
BRH:4
end_of_record
TN:
SF:src\config\env.ts
FN:17,(anonymous_0)
FN:25,(anonymous_1)
FNF:2
FNH:1
FNDA:4,(anonymous_0)
FNDA:0,(anonymous_1)
DA:2,4
DA:3,4
DA:5,4
DA:17,4
DA:22,4
DA:23,4
DA:24,0
DA:25,0
DA:26,0
DA:28,0
DA:31,4
DA:33,4
LF:12
LH:8
BRDA:23,0,0,0
BRDA:23,0,1,4
BRF:2
BRH:1
end_of_record
TN:
SF:src\repositories\repositoryRules.ts
FN:7,(anonymous_0)
FN:8,(anonymous_1)
FN:24,(anonymous_2)
FN:39,(anonymous_3)
FN:43,(anonymous_4)
FNF:5
FNH:5
FNDA:10,(anonymous_0)
FNDA:11,(anonymous_1)
FNDA:3,(anonymous_2)
FNDA:4,(anonymous_3)
FNDA:3,(anonymous_4)
DA:1,4
DA:2,4
DA:4,4
DA:5,4
DA:7,4
DA:8,11
DA:13,10
DA:19,10
DA:20,1
DA:24,4
DA:25,3
DA:39,4
DA:40,4
DA:43,4
DA:44,3
LF:15
LH:15
BRDA:19,0,0,1
BRDA:19,0,1,9
BRF:2
BRH:2
end_of_record
TN:
SF:src\routes\routerIP.ts
FNF:0
FNH:0
DA:1,4
DA:2,4
DA:3,4
DA:5,4
DA:7,4
DA:8,4
DA:9,4
DA:11,4
LF:8
LH:8
BRF:0
BRH:0
end_of_record
TN:
SF:src\routes\routerPort.ts
FNF:0
FNH:0
DA:1,4
DA:2,4
DA:3,4
DA:5,4
DA:7,4
DA:8,4
DA:9,4
DA:11,4
LF:8
LH:8
BRF:0
BRH:0
end_of_record
TN:
SF:src\routes\routerRules.ts
FNF:0
FNH:0
DA:1,4
DA:2,4
DA:3,4
DA:5,4
DA:7,4
DA:8,4
DA:10,4
LF:7
LH:7
BRF:0
BRH:0
end_of_record
TN:
SF:src\routes\routerUrl.ts
FNF:0
FNH:0
DA:1,4
DA:2,4
DA:3,4
DA:4,4
DA:7,4
DA:8,4
DA:9,4
DA:11,4
LF:8
LH:8
BRF:0
BRH:0
end_of_record
TN:
SF:src\services\ServiceRules.ts
FN:7,(anonymous_0)
FN:9,(anonymous_1)
FN:20,(anonymous_2)
FN:22,(anonymous_3)
FN:34,(anonymous_4)
FN:62,(anonymous_5)
FN:65,(anonymous_6)
FNF:7
FNH:7
FNDA:10,(anonymous_0)
FNDA:10,(anonymous_1)
FNDA:3,(anonymous_2)
FNDA:3,(anonymous_3)
FNDA:4,(anonymous_4)
FNDA:3,(anonymous_5)
FNDA:3,(anonymous_6)
DA:1,4
DA:2,4
DA:5,4
DA:7,4
DA:8,10
DA:9,10
DA:10,10
DA:12,9
DA:15,1
DA:20,4
DA:21,3
DA:22,3
DA:23,3
DA:24,3
DA:25,1
DA:28,2
DA:30,1
DA:34,4
DA:35,4
DA:36,4
DA:38,4
DA:44,4
DA:45,3
DA:46,2
DA:47,1
DA:48,0
DA:49,1
DA:50,1
DA:55,4
DA:57,0
DA:62,4
DA:63,3
DA:64,3
DA:65,3
DA:67,3
DA:69,7
DA:71,3
DA:72,3
DA:73,1
DA:75,2
DA:78,2
DA:79,2
DA:82,1
LF:43
LH:41
BRDA:24,0,0,1
BRDA:24,0,1,2
BRDA:45,1,0,2
BRDA:45,1,1,1
BRDA:47,2,0,0
BRDA:47,2,1,1
BRDA:49,3,0,1
BRDA:49,3,1,0
BRDA:69,4,0,4
BRDA:69,4,1,3
BRDA:69,5,0,7
BRDA:69,5,1,7
BRDA:72,6,0,1
BRDA:72,6,1,2
BRF:14
BRH:12
end_of_record
TN:
SF:src\types\models\rules.ts
FNF:0
FNH:0
DA:1,4
DA:3,4
LF:2
LH:2
BRF:0
BRH:0
end_of_record
TN:
SF:src\utils\errors.ts
FN:4,(anonymous_0)
FNF:1
FNH:1
FNDA:10,(anonymous_0)
DA:1,4
DA:5,10
DA:6,10
LF:3
LH:3
BRF:0
BRH:0
end_of_record
TN:
SF:src\validators\validators.ts
FN:7,(anonymous_1)
FN:21,(anonymous_2)
FN:23,(anonymous_3)
FN:31,(anonymous_4)
FN:34,(anonymous_5)
FN:42,(anonymous_6)
FN:45,(anonymous_7)
FN:54,(anonymous_8)
FNF:8
FNH:8
FNDA:18,(anonymous_1)
FNDA:10,(anonymous_2)
FNDA:11,(anonymous_3)
FNDA:2,(anonymous_4)
FNDA:2,(anonymous_5)
FNDA:4,(anonymous_6)
FNDA:4,(anonymous_7)
FNDA:5,(anonymous_8)
DA:2,4
DA:3,4
DA:4,4
DA:7,4
DA:8,18
DA:10,18
DA:11,1
DA:14,17
DA:15,1
DA:17,16
DA:21,4
DA:22,10
DA:23,11
DA:24,1
DA:26,9
DA:27,9
DA:31,4
DA:32,2
DA:34,2
DA:35,1
DA:38,1
DA:39,1
DA:42,4
DA:43,4
DA:45,4
DA:46,1
DA:49,3
DA:50,3
DA:54,4
DA:55,5
DA:57,5
DA:58,1
DA:61,4
DA:62,12
DA:63,4
DA:64,0
DA:66,4
DA:67,1
DA:72,3
LF:39
LH:38
BRDA:8,0,0,18
BRDA:8,0,1,0
BRDA:10,1,0,1
BRDA:10,1,1,17
BRDA:14,2,0,1
BRDA:14,2,1,16
BRDA:23,3,0,1
BRDA:23,3,1,9
BRDA:34,4,0,1
BRDA:34,4,1,1
BRDA:45,5,0,1
BRDA:45,5,1,3
BRDA:45,6,0,4
BRDA:45,6,1,4
BRDA:45,7,0,4
BRDA:45,7,1,4
BRDA:45,7,2,4
BRDA:57,8,0,1
BRDA:57,8,1,4
BRDA:57,9,0,5
BRDA:57,9,1,4
BRDA:57,9,2,4
BRDA:62,10,0,4
BRDA:62,10,1,8
BRDA:62,11,0,12
BRDA:62,11,1,12
BRDA:63,12,0,0
BRDA:63,12,1,4
BRDA:63,13,0,4
BRDA:63,13,1,4
BRDA:63,13,2,4
BRDA:66,14,0,1
BRDA:66,14,1,3
BRF:33
BRH:31
end_of_record
